<?xml version="1.0" encoding="UTF-8"?>
<testng-results skipped="0" failed="0" ignored="0" total="1" passed="1">
  <reporter-output>
  </reporter-output>
  <suite name="Suite" duration-ms="39199" started-at="2020-02-07T06:08:52Z" finished-at="2020-02-07T06:09:31Z">
    <groups>
    </groups>
    <test name="Test" duration-ms="39199" started-at="2020-02-07T06:08:52Z" finished-at="2020-02-07T06:09:31Z">
      <class name="com.AutomationTalks.demoproject1.testClass1">
        <test-method status="PASS" signature="launcdriver()[pri:0, instance:com.AutomationTalks.demoproject1.testClass1@1e6d1014]" name="launcdriver" is-config="true" duration-ms="3404" started-at="2020-02-07T06:08:52Z" finished-at="2020-02-07T06:08:56Z">
          <reporter-output>
          </reporter-output>
        </test-method> <!-- launcdriver -->
        <test-method status="PASS" signature="test1()[pri:0, instance:com.AutomationTalks.demoproject1.testClass1@1e6d1014]" name="test1" duration-ms="31850" started-at="2020-02-07T06:08:56Z" finished-at="2020-02-07T06:09:27Z">
          <reporter-output>
          </reporter-output>
        </test-method> <!-- test1 -->
        <test-method status="PASS" signature="quit()[pri:0, instance:com.AutomationTalks.demoproject1.testClass1@1e6d1014]" name="quit" is-config="true" duration-ms="3915" started-at="2020-02-07T06:09:27Z" finished-at="2020-02-07T06:09:31Z">
          <reporter-output>
          </reporter-output>
        </test-method> <!-- quit -->
      </class> <!-- com.AutomationTalks.demoproject1.testClass1 -->
    </test> <!-- Test -->
  </suite> <!-- Suite -->
</testng-results>
